<?xml version="1.0" encoding="UTF-8"?>
<testng-results ignored="0" total="1" passed="1" failed="0" skipped="0">
  <reporter-output>
  </reporter-output>
  <suite started-at="2022-10-27T19:48:09 IST" name="Default suite" finished-at="2022-10-27T19:48:45 IST" duration-ms="35848">
    <groups>
    </groups>
    <test started-at="2022-10-27T19:48:09 IST" name="Default test" finished-at="2022-10-27T19:48:45 IST" duration-ms="35848">
      <class name="newTest.LoginPage1">
        <test-method is-config="true" signature="beforeTest()[pri:0, instance:newTest.LoginPage1@18271936]" started-at="2022-10-27T19:48:09 IST" name="beforeTest" finished-at="2022-10-27T19:48:20 IST" duration-ms="11150" status="PASS">
          <reporter-output>
          </reporter-output>
        </test-method> <!-- beforeTest -->
        <test-method signature="loginPage()[pri:0, instance:newTest.LoginPage1@18271936]" started-at="2022-10-27T19:48:20 IST" name="loginPage" finished-at="2022-10-27T19:48:45 IST" duration-ms="24446" status="PASS">
          <reporter-output>
          </reporter-output>
        </test-method> <!-- loginPage -->
        <test-method is-config="true" signature="afterTest()[pri:0, instance:newTest.LoginPage1@18271936]" started-at="2022-10-27T19:48:45 IST" name="afterTest" finished-at="2022-10-27T19:48:45 IST" duration-ms="6" status="PASS">
          <reporter-output>
          </reporter-output>
        </test-method> <!-- afterTest -->
      </class> <!-- newTest.LoginPage1 -->
    </test> <!-- Default test -->
  </suite> <!-- Default suite -->
</testng-results>
