<?xml version="1.0" encoding="UTF-8"?>
<!-- Generated by org.testng.reporters.JUnitXMLReporter -->
<testsuite ignored="0" hostname="WINDOWS-UNR7VLH" failures="0" tests="5" name="Default test" time="39.148" errors="0" timestamp="2022-10-27T09:56:26 IST">
  <testcase classname="testCases.PractoTest" name="loginTest" time="8.003"/>
  <testcase classname="testCases.PractoTest" name="locAndNavTest" time="5.049"/>
  <testcase classname="testCases.PractoTest" name="medicineTest" time="4.855"/>
  <testcase classname="testCases.PractoTest" name="addProductsTest" time="0.903"/>
  <testcase classname="testCases.PractoTest" name="viewCartTest" time="5.063"/>
</testsuite> <!-- Default test -->
