<?xml version="1.0" encoding="UTF-8"?>
<testng-results ignored="0" total="2" passed="2" failed="0" skipped="0">
  <reporter-output>
    <line>
      <![CDATA[Inside the setup where inialisation is done]]>
    </line>
    <line>
      <![CDATA[Inside the setup where inialisation is done]]>
    </line>
  </reporter-output>
  <suite started-at="2022-10-20T15:17:38 IST" name="test.ParallelTest" finished-at="2022-10-20T15:17:50 IST" duration-ms="12281">
    <groups>
    </groups>
    <test started-at="2022-10-20T15:17:38 IST" name="Command line test" finished-at="2022-10-20T15:17:50 IST" duration-ms="12281">
      <class name="test.ParallelTest">
        <test-method signature="chromeTest()[pri:0, instance:test.ParallelTest@61009542]" started-at="2022-10-20T15:17:38 IST" name="chromeTest" finished-at="2022-10-20T15:17:44 IST" duration-ms="5767" status="PASS">
          <reporter-output>
            <line>
              <![CDATA[Inside the setup where inialisation is done]]>
            </line>
          </reporter-output>
        </test-method> <!-- chromeTest -->
        <test-method signature="edgeTest()[pri:0, instance:test.ParallelTest@61009542]" started-at="2022-10-20T15:17:44 IST" name="edgeTest" finished-at="2022-10-20T15:17:50 IST" duration-ms="6446" status="PASS">
          <reporter-output>
            <line>
              <![CDATA[Inside the setup where inialisation is done]]>
            </line>
          </reporter-output>
        </test-method> <!-- edgeTest -->
      </class> <!-- test.ParallelTest -->
    </test> <!-- Command line test -->
  </suite> <!-- test.ParallelTest -->
</testng-results>
