<?xml version="1.0" encoding="UTF-8"?>
<!-- Generated by org.testng.reporters.JUnitXMLReporter -->
<testsuite ignored="0" hostname="WINDOWS-UNR7VLH" failures="0" tests="5" name="Test" time="38.334" errors="0" timestamp="2022-10-27T10:08:52 IST">
  <testcase classname="testCases.PractoTest" name="loginTest" time="8.071"/>
  <testcase classname="testCases.PractoTest" name="locAndNavTest" time="5.391"/>
  <testcase classname="testCases.PractoTest" name="medicineTest" time="5.821"/>
  <testcase classname="testCases.PractoTest" name="addProductsTest" time="0.981"/>
  <testcase classname="testCases.PractoTest" name="viewCartTest" time="4.617"/>
</testsuite> <!-- Test -->
