<?xml version="1.0" encoding="UTF-8"?>
<testng-results ignored="0" total="2" passed="2" failed="0" skipped="0">
  <reporter-output>
  </reporter-output>
  <suite started-at="2022-10-21T11:04:24 IST" name="framework.DataProviderTest" finished-at="2022-10-21T11:04:38 IST" duration-ms="14248">
    <groups>
    </groups>
    <test started-at="2022-10-21T11:04:24 IST" name="Command line test" finished-at="2022-10-21T11:04:38 IST" duration-ms="14248">
      <class name="framework.DataProviderTest">
        <test-method signature="test(java.lang.String,java.lang.String)[pri:0, instance:framework.DataProviderTest@52e677af]" started-at="2022-10-21T11:04:24 IST" name="test" data-provider="Auth" finished-at="2022-10-21T11:04:32 IST" duration-ms="7551" status="PASS">
          <params>
            <param index="0">
              <value>
                <![CDATA[vasuvespag]]>
              </value>
            </param>
            <param index="1">
              <value>
                <![CDATA[vasu1234]]>
              </value>
            </param>
          </params>
          <reporter-output>
          </reporter-output>
        </test-method> <!-- test -->
        <test-method signature="test(java.lang.String,java.lang.String)[pri:0, instance:framework.DataProviderTest@52e677af]" started-at="2022-10-21T11:04:32 IST" name="test" data-provider="Auth" finished-at="2022-10-21T11:04:38 IST" duration-ms="6533" status="PASS">
          <params>
            <param index="0">
              <value>
                <![CDATA[aryan1207]]>
              </value>
            </param>
            <param index="1">
              <value>
                <![CDATA[Aryan@120799]]>
              </value>
            </param>
          </params>
          <reporter-output>
          </reporter-output>
        </test-method> <!-- test -->
      </class> <!-- framework.DataProviderTest -->
    </test> <!-- Command line test -->
  </suite> <!-- framework.DataProviderTest -->
</testng-results>
