<?xml version="1.0" encoding="UTF-8"?>
<testng-results ignored="0" total="1" passed="1" failed="0" skipped="0">
  <reporter-output>
  </reporter-output>
  <suite started-at="2022-11-08T22:51:30 IST" name="Default suite" finished-at="2022-11-08T22:51:34 IST" duration-ms="3695">
    <groups>
    </groups>
    <test started-at="2022-11-08T22:51:30 IST" name="Default test" finished-at="2022-11-08T22:51:34 IST" duration-ms="3695">
      <class name="test.TestNG_Put1">
        <test-method signature="requestPut()[pri:0, instance:test.TestNG_Put1@6eda5c9]" started-at="2022-11-08T22:51:30 IST" name="requestPut" finished-at="2022-11-08T22:51:34 IST" duration-ms="3614" status="PASS">
          <reporter-output>
          </reporter-output>
        </test-method> <!-- requestPut -->
      </class> <!-- test.TestNG_Put1 -->
    </test> <!-- Default test -->
  </suite> <!-- Default suite -->
</testng-results>
