<?xml version="1.0" encoding="UTF-8"?>
<testng-results ignored="0" total="5" passed="5" failed="0" skipped="0">
  <reporter-output>
  </reporter-output>
  <suite started-at="2022-10-27T10:08:13 IST" name="Suite" finished-at="2022-10-27T10:08:52 IST" duration-ms="38334">
    <groups>
    </groups>
    <test started-at="2022-10-27T10:08:13 IST" name="Test" finished-at="2022-10-27T10:08:52 IST" duration-ms="38334">
      <class name="testCases.PractoTest">
        <test-method is-config="true" signature="beforeTest()[pri:0, instance:testCases.PractoTest@223d2c72]" started-at="2022-10-27T10:08:13 IST" name="beforeTest" finished-at="2022-10-27T10:08:24 IST" duration-ms="11232" status="PASS">
          <reporter-output>
          </reporter-output>
        </test-method> <!-- beforeTest -->
        <test-method signature="loginTest()[pri:0, instance:testCases.PractoTest@223d2c72]" started-at="2022-10-27T10:08:25 IST" name="loginTest" finished-at="2022-10-27T10:08:33 IST" duration-ms="8071" status="PASS">
          <reporter-output>
          </reporter-output>
        </test-method> <!-- loginTest -->
        <test-method signature="locAndNavTest()[pri:1, instance:testCases.PractoTest@223d2c72]" started-at="2022-10-27T10:08:33 IST" name="locAndNavTest" finished-at="2022-10-27T10:08:38 IST" duration-ms="5391" status="PASS">
          <reporter-output>
          </reporter-output>
        </test-method> <!-- locAndNavTest -->
        <test-method signature="medicineTest()[pri:2, instance:testCases.PractoTest@223d2c72]" started-at="2022-10-27T10:08:38 IST" name="medicineTest" finished-at="2022-10-27T10:08:44 IST" duration-ms="5821" status="PASS">
          <reporter-output>
          </reporter-output>
        </test-method> <!-- medicineTest -->
        <test-method signature="addProductsTest()[pri:3, instance:testCases.PractoTest@223d2c72]" started-at="2022-10-27T10:08:44 IST" name="addProductsTest" finished-at="2022-10-27T10:08:45 IST" duration-ms="981" status="PASS">
          <reporter-output>
          </reporter-output>
        </test-method> <!-- addProductsTest -->
        <test-method signature="viewCartTest()[pri:4, instance:testCases.PractoTest@223d2c72]" started-at="2022-10-27T10:08:45 IST" name="viewCartTest" finished-at="2022-10-27T10:08:50 IST" duration-ms="4617" status="PASS">
          <reporter-output>
          </reporter-output>
        </test-method> <!-- viewCartTest -->
        <test-method is-config="true" signature="afterTest()[pri:0, instance:testCases.PractoTest@223d2c72]" started-at="2022-10-27T10:08:50 IST" name="afterTest" finished-at="2022-10-27T10:08:52 IST" duration-ms="2001" status="PASS">
          <reporter-output>
          </reporter-output>
        </test-method> <!-- afterTest -->
      </class> <!-- testCases.PractoTest -->
    </test> <!-- Test -->
  </suite> <!-- Suite -->
</testng-results>
