<?xml version="1.0" encoding="UTF-8"?>
<testng-results ignored="0" total="1" passed="1" failed="0" skipped="0">
  <reporter-output>
    <line>
      <![CDATA[This is Medicine Drop Down test]]>
    </line>
  </reporter-output>
  <suite started-at="2022-10-27T12:54:38 IST" name="Default suite" finished-at="2022-10-27T12:55:21 IST" duration-ms="42976">
    <groups>
    </groups>
    <test started-at="2022-10-27T12:54:38 IST" name="Default test" finished-at="2022-10-27T12:55:21 IST" duration-ms="42976">
      <class name="test.NetMeds">
        <test-method is-config="true" signature="beforeTest()[pri:0, instance:test.NetMeds@74fe5c40]" started-at="2022-10-27T12:54:38 IST" name="beforeTest" finished-at="2022-10-27T12:55:05 IST" duration-ms="27142" status="PASS">
          <reporter-output>
          </reporter-output>
        </test-method> <!-- beforeTest -->
        <test-method signature="medicineDropDown()[pri:1, instance:test.NetMeds@74fe5c40]" started-at="2022-10-27T12:55:05 IST" name="medicineDropDown" finished-at="2022-10-27T12:55:20 IST" duration-ms="15118" status="PASS">
          <reporter-output>
            <line>
              <![CDATA[This is Medicine Drop Down test]]>
            </line>
          </reporter-output>
        </test-method> <!-- medicineDropDown -->
        <test-method is-config="true" signature="afterTest()[pri:0, instance:test.NetMeds@74fe5c40]" started-at="2022-10-27T12:55:20 IST" name="afterTest" finished-at="2022-10-27T12:55:21 IST" duration-ms="583" status="PASS">
          <reporter-output>
          </reporter-output>
        </test-method> <!-- afterTest -->
      </class> <!-- test.NetMeds -->
    </test> <!-- Default test -->
  </suite> <!-- Default suite -->
</testng-results>
