<?xml version="1.0" encoding="UTF-8"?>
<testng-results ignored="0" total="1" passed="1" failed="0" skipped="0">
  <reporter-output>
  </reporter-output>
  <suite started-at="2022-10-21T13:53:30 IST" name="Default suite" finished-at="2022-10-21T13:53:42 IST" duration-ms="12270">
    <groups>
    </groups>
    <test started-at="2022-10-21T13:53:30 IST" name="Default test" finished-at="2022-10-21T13:53:42 IST" duration-ms="12270">
      <class name="test.ExtentDemo">
        <test-method is-config="true" signature="beforeTest()[pri:0, instance:test.ExtentDemo@1bd4fdd]" started-at="2022-10-21T13:53:30 IST" name="beforeTest" finished-at="2022-10-21T13:53:31 IST" duration-ms="945" status="PASS">
          <reporter-output>
          </reporter-output>
        </test-method> <!-- beforeTest -->
        <test-method signature="extentReportDemo()[pri:0, instance:test.ExtentDemo@1bd4fdd]" started-at="2022-10-21T13:53:31 IST" name="extentReportDemo" finished-at="2022-10-21T13:53:41 IST" duration-ms="10364" status="PASS">
          <reporter-output>
          </reporter-output>
        </test-method> <!-- extentReportDemo -->
        <test-method is-config="true" signature="afterTest()[pri:0, instance:test.ExtentDemo@1bd4fdd]" started-at="2022-10-21T13:53:41 IST" name="afterTest" finished-at="2022-10-21T13:53:42 IST" duration-ms="807" status="PASS">
          <reporter-output>
          </reporter-output>
        </test-method> <!-- afterTest -->
      </class> <!-- test.ExtentDemo -->
    </test> <!-- Default test -->
  </suite> <!-- Default suite -->
</testng-results>
